Arguments: 
  C:\Program Files\nodejs\node.exe C:\Program Files (x86)\Yarn\bin\yarn.js start

PATH: 
  C:\Program Files\Git\mingw64\bin;C:\Program Files\Git\usr\bin;C:\Users\Alex\bin;C:\Windows\system32;C:\Windows;C:\Windows\System32\Wbem;C:\Windows\System32\WindowsPowerShell\v1.0;C:\Program Files (x86)\NVIDIA Corporation\PhysX\Common;C:\WINDOWS\system32;C:\WINDOWS;C:\WINDOWS\System32\Wbem;C:\WINDOWS\System32\WindowsPowerShell\v1.0;C:\WINDOWS\System32\OpenSSH;C:\Program Files\Microsoft VS Code\bin;C:\Program Files\nodejs;C:\Program Files\MongoDB\Server\4.0\bin;C:\Program Files (x86)\Yarn\bin;C:\Program Files\dotnet;C:\Users\Alex\AppData\Local\Microsoft\WindowsApps;C:\Program Files\Microsoft VS Code\bin;C:\Users\Alex\AppData\Roaming\npm;C:\Program Files\heroku\bin;C:\Users\Alex\AppData\Local\Yarn\bin

Yarn version: 
  1.9.4

Node version: 
  8.11.3

Platform: 
  win32 x64

Trace: 
  SyntaxError: C:\Users\Alex\workstation\Project3GT\package.json: Unexpected token / in JSON at position 389
      at JSON.parse (<anonymous>)
      at C:\Program Files (x86)\Yarn\lib\cli.js:1130:59
      at Generator.next (<anonymous>)
      at step (C:\Program Files (x86)\Yarn\lib\cli.js:92:30)
      at C:\Program Files (x86)\Yarn\lib\cli.js:103:13
      at <anonymous>

npm manifest: 
  {
    "name": "reactpractice",
    "version": "1.0.0",
    "description": "",
    "main": "server.js",
    "scripts": {
      "test": "echo \"Error: no test specified\" && exit 1",
      "start": "node server.js",
      "dev": "concurrently \"nodemon server.js\" \"cd client && npm start\""
    },
    "keywords": [],
    "author": "",
    "license": "ISC",
    "dependencies": {
      "express": "^4.16.4"
    },
    
    // Okay
    
    "devDependencies": {
      "concurrently": "^4.0.1"
    }
  }

yarn manifest: 
  No manifest

Lockfile: 
  No lockfile
